c:\windivert\sys\x64\release\vc143.pdb
c:\windivert\sys\x64\release\windivert.obj
c:\windivert\sys\x64\release\windivert.sys
c:\windivert\sys\x64\release\windivert.pdb
c:\windivert\install\msvc\amd64\windivert64.sys
c:\windivert\install\msvc\amd64\windivert64.pdb
c:\windivert\sys\windivert_log.h
c:\windivert\sys\windivert_log.rc
c:\windivert\sys\windivert_log_msg00001.bin
c:\windivert\sys\x64\release\windivert.res
c:\windivert\sys\x64\release\windivert.cer
c:\windivert\sys\x64\release\windivert.tlog\cl.command.1.tlog
c:\windivert\sys\x64\release\windivert.tlog\cl.items.tlog
c:\windivert\sys\x64\release\windivert.tlog\cl.read.1.tlog
c:\windivert\sys\x64\release\windivert.tlog\cl.write.1.tlog
c:\windivert\sys\x64\release\windivert.tlog\link.command.1.tlog
c:\windivert\sys\x64\release\windivert.tlog\link.read.1.tlog
c:\windivert\sys\x64\release\windivert.tlog\link.secondary.1.tlog
c:\windivert\sys\x64\release\windivert.tlog\link.write.1.tlog
c:\windivert\sys\x64\release\windivert.tlog\mc.command.1.tlog
c:\windivert\sys\x64\release\windivert.tlog\mc.read.1.tlog
c:\windivert\sys\x64\release\windivert.tlog\mc.write.1.tlog
c:\windivert\sys\x64\release\windivert.tlog\rc.command.1.tlog
c:\windivert\sys\x64\release\windivert.tlog\rc.read.1.tlog
c:\windivert\sys\x64\release\windivert.tlog\rc.write.1.tlog
c:\windivert\sys\x64\release\windivert.tlog\signtool.command.1.tlog
c:\windivert\sys\x64\release\windivert.tlog\signtool.read.1.tlog
c:\windivert\sys\x64\release\windivert.tlog\signtool.timestamp.1.tlog
c:\windivert\sys\x64\release\windivert.tlog\signtool.write.1.tlog
